Base path: '/home/shirae/Unity/Hub/Editor/2019.4.20f1/Editor/Data', plugins path '/home/shirae/Unity/Hub/Editor/2019.4.20f1/Editor/Data/PlaybackEngines'
Cmd: initializeCompiler
Cmd: compileComputeKernel
  api=15 insize=12919 outsize=3929 ok=1
Cmd: compileComputeKernel
  api=15 insize=12807 outsize=4131 ok=1
Cmd: compileComputeKernel
  api=15 insize=12807 outsize=3419 ok=1
Cmd: compileComputeKernel
  api=15 insize=12807 outsize=3951 ok=1
Cmd: compileComputeKernel
  api=18 insize=12807 outsize=7865 ok=1
Cmd: compileComputeKernel
  api=18 insize=12807 outsize=6552 ok=1
Cmd: compileComputeKernel
  api=15 insize=17013 outsize=7536 ok=1
Cmd: compileComputeKernel
  api=18 insize=17013 outsize=13191 ok=1
Cmd: compileComputeKernel
  api=18 insize=17013 outsize=20917 ok=1
Cmd: compileComputeKernel
  api=15 insize=79953 outsize=6637 ok=1
Cmd: compileComputeKernel
  api=15 insize=79953 outsize=3314 ok=1
Cmd: compileComputeKernel
  api=15 insize=79953 outsize=4869 ok=1
Cmd: compileComputeKernel
  api=15 insize=79953 outsize=3032 ok=1
Cmd: compileComputeKernel
  api=15 insize=79953 outsize=3047 ok=1
Cmd: compileComputeKernel
  api=15 insize=79953 outsize=3371 ok=1
Cmd: compileComputeKernel
  api=15 insize=79953 outsize=3284 ok=1
Cmd: compileComputeKernel
  api=15 insize=79953 outsize=3074 ok=1
Cmd: compileComputeKernel
  api=15 insize=79953 outsize=3204 ok=1
Cmd: compileComputeKernel
  api=15 insize=79953 outsize=3196 ok=1
Cmd: compileComputeKernel
  api=15 insize=79953 outsize=3063 ok=1
Cmd: compileComputeKernel
  api=15 insize=79953 outsize=4222 ok=1
Cmd: compileComputeKernel
  api=15 insize=79953 outsize=4266 ok=1
Cmd: compileComputeKernel
  api=15 insize=79953 outsize=4512 ok=1
Cmd: compileComputeKernel
  api=15 insize=79953 outsize=3674 ok=1
Cmd: compileComputeKernel
  api=15 insize=79953 outsize=3525 ok=1
Cmd: compileComputeKernel
  api=15 insize=79953 outsize=2321 ok=1
Cmd: compileComputeKernel
  api=18 insize=79953 outsize=7318 ok=1
Cmd: compileComputeKernel
  api=18 insize=79953 outsize=6747 ok=1
Cmd: compileComputeKernel
  api=18 insize=79953 outsize=7054 ok=1
Cmd: compileComputeKernel
  api=18 insize=79953 outsize=7585 ok=1
Cmd: compileComputeKernel
  api=18 insize=79953 outsize=7159 ok=1
Cmd: compileComputeKernel
  api=18 insize=79953 outsize=5744 ok=1
Cmd: compileComputeKernel
  api=18 insize=79953 outsize=7126 ok=1
Cmd: compileComputeKernel
  api=18 insize=79953 outsize=5807 ok=1
Cmd: compileComputeKernel
  api=18 insize=79953 outsize=6057 ok=1
Cmd: compileComputeKernel
  api=18 insize=79953 outsize=6033 ok=1
Cmd: compileComputeKernel
  api=18 insize=79953 outsize=5984 ok=1
Cmd: compileComputeKernel
  api=18 insize=79953 outsize=7855 ok=1
Cmd: compileComputeKernel
  api=18 insize=79953 outsize=7847 ok=1
Cmd: compileComputeKernel
  api=18 insize=79953 outsize=7913 ok=1
Cmd: compileComputeKernel
  api=18 insize=79953 outsize=9636 ok=1
Cmd: compileComputeKernel
  api=18 insize=79953 outsize=5665 ok=1
Cmd: compileComputeKernel
  api=18 insize=79953 outsize=7918 ok=1
Cmd: compileComputeKernel
  api=18 insize=79953 outsize=9979 ok=1
Cmd: compileComputeKernel
  api=18 insize=4231 outsize=16144 ok=1
Cmd: compileComputeKernel
  api=18 insize=73293 outsize=41380 ok=1
Cmd: compileComputeKernel
  api=15 insize=57129 outsize=1505 ok=1
Cmd: compileComputeKernel
  api=15 insize=57129 outsize=2133 ok=1
Cmd: compileComputeKernel
  api=15 insize=57129 outsize=1828 ok=1
Cmd: compileComputeKernel
  api=15 insize=57129 outsize=2114 ok=1
Cmd: compileComputeKernel
  api=15 insize=57129 outsize=1826 ok=1
Cmd: compileComputeKernel
  api=15 insize=57129 outsize=3251 ok=1
Cmd: compileComputeKernel
  api=15 insize=57129 outsize=3077 ok=1
Cmd: compileComputeKernel
  api=15 insize=57129 outsize=3052 ok=1
Cmd: compileComputeKernel
  api=15 insize=57129 outsize=3009 ok=1
Cmd: compileComputeKernel
  api=15 insize=57129 outsize=3110 ok=1
Cmd: compileComputeKernel
  api=15 insize=57129 outsize=3444 ok=1
Cmd: compileComputeKernel
  api=15 insize=57129 outsize=3084 ok=1
Cmd: compileComputeKernel
  api=15 insize=57129 outsize=3104 ok=1
Cmd: compileComputeKernel
  api=18 insize=57129 outsize=3416 ok=1
Cmd: compileComputeKernel
  api=18 insize=57129 outsize=3650 ok=1
Cmd: compileComputeKernel
  api=18 insize=57129 outsize=3425 ok=1
Cmd: compileComputeKernel
  api=18 insize=57129 outsize=3471 ok=1
Cmd: compileComputeKernel
  api=18 insize=57129 outsize=5436 ok=1
Cmd: compileComputeKernel
  api=18 insize=57129 outsize=5595 ok=1
Cmd: compileComputeKernel
  api=18 insize=57129 outsize=5648 ok=1
Cmd: compileComputeKernel
  api=18 insize=57129 outsize=5637 ok=1
Cmd: compileComputeKernel
  api=18 insize=57129 outsize=6653 ok=1
Cmd: compileComputeKernel
  api=18 insize=57129 outsize=5898 ok=1
Cmd: compileComputeKernel
  api=18 insize=57129 outsize=5584 ok=1
Cmd: compileComputeKernel
  api=18 insize=57129 outsize=5784 ok=1
Cmd: compileComputeKernel
  api=15 insize=95078 outsize=6185 ok=1
Cmd: compileComputeKernel
  api=15 insize=95078 outsize=47833 ok=1
Cmd: compileComputeKernel
  api=18 insize=95078 outsize=37765 ok=1
Cmd: compileComputeKernel
  api=18 insize=95078 outsize=36741 ok=1
Cmd: compileComputeKernel
  api=18 insize=95078 outsize=80242 ok=1
Cmd: compileComputeKernel
  api=18 insize=4442 outsize=5885 ok=1

Quitting shader compiler process
