Base path: '/home/shirae/Unity/Hub/Editor/2019.4.20f1/Editor/Data', plugins path '/home/shirae/Unity/Hub/Editor/2019.4.20f1/Editor/Data/PlaybackEngines'
Cmd: initializeCompiler
Cmd: compileComputeKernel
  api=15 insize=12919 outsize=3608 ok=1
Cmd: compileComputeKernel
  api=18 insize=12919 outsize=5824 ok=1
Cmd: compileComputeKernel
  api=15 insize=12807 outsize=3378 ok=1
Cmd: compileComputeKernel
  api=15 insize=12807 outsize=3564 ok=1
Cmd: compileComputeKernel
  api=15 insize=12807 outsize=3459 ok=1
Cmd: compileComputeKernel
  api=18 insize=12807 outsize=6429 ok=1
Cmd: compileComputeKernel
  api=18 insize=12807 outsize=6421 ok=1
Cmd: compileComputeKernel
  api=18 insize=12807 outsize=6487 ok=1
Cmd: compileComputeKernel
  api=18 insize=12807 outsize=7661 ok=1
Cmd: compileComputeKernel
  api=15 insize=17013 outsize=7465 ok=1
Cmd: compileComputeKernel
  api=18 insize=17013 outsize=14399 ok=1
Cmd: compileComputeKernel
  api=18 insize=17013 outsize=23977 ok=1
Cmd: compileComputeKernel
  api=15 insize=79953 outsize=3604 ok=1
Cmd: compileComputeKernel
  api=15 insize=79953 outsize=3633 ok=1
Cmd: compileComputeKernel
  api=15 insize=79953 outsize=3300 ok=1
Cmd: compileComputeKernel
  api=15 insize=79953 outsize=4599 ok=1
Cmd: compileComputeKernel
  api=15 insize=79953 outsize=3076 ok=1
Cmd: compileComputeKernel
  api=15 insize=79953 outsize=3047 ok=1
Cmd: compileComputeKernel
  api=15 insize=79953 outsize=3076 ok=1
Cmd: compileComputeKernel
  api=15 insize=79953 outsize=3034 ok=1
Cmd: compileComputeKernel
  api=15 insize=79953 outsize=3204 ok=1
Cmd: compileComputeKernel
  api=15 insize=79953 outsize=3032 ok=1
Cmd: compileComputeKernel
  api=15 insize=79953 outsize=3069 ok=1
Cmd: compileComputeKernel
  api=15 insize=79953 outsize=4222 ok=1
Cmd: compileComputeKernel
  api=15 insize=79953 outsize=4266 ok=1
Cmd: compileComputeKernel
  api=15 insize=79953 outsize=4512 ok=1
Cmd: compileComputeKernel
  api=15 insize=79953 outsize=3154 ok=1
Cmd: compileComputeKernel
  api=15 insize=79953 outsize=3235 ok=1
Cmd: compileComputeKernel
  api=15 insize=79953 outsize=2321 ok=1
Cmd: compileComputeKernel
  api=18 insize=79953 outsize=7318 ok=1
Cmd: compileComputeKernel
  api=18 insize=79953 outsize=12575 ok=1
Cmd: compileComputeKernel
  api=18 insize=79953 outsize=9113 ok=1
Cmd: compileComputeKernel
  api=18 insize=79953 outsize=5744 ok=1
Cmd: compileComputeKernel
  api=18 insize=79953 outsize=6217 ok=1
Cmd: compileComputeKernel
  api=18 insize=79953 outsize=5807 ok=1
Cmd: compileComputeKernel
  api=18 insize=79953 outsize=6057 ok=1
Cmd: compileComputeKernel
  api=18 insize=79953 outsize=6112 ok=1
Cmd: compileComputeKernel
  api=18 insize=79953 outsize=7236 ok=1
Cmd: compileComputeKernel
  api=18 insize=79953 outsize=9295 ok=1
Cmd: compileComputeKernel
  api=18 insize=79953 outsize=7908 ok=1
Cmd: compileComputeKernel
  api=18 insize=79953 outsize=9600 ok=1
Cmd: compileComputeKernel
  api=18 insize=79953 outsize=6114 ok=1
Cmd: compileComputeKernel
  api=18 insize=79953 outsize=6287 ok=1
Cmd: compileComputeKernel
  api=18 insize=79953 outsize=6258 ok=1
Cmd: compileComputeKernel
  api=18 insize=4231 outsize=10150 ok=1
Cmd: compileComputeKernel
  api=15 insize=73293 outsize=16957 ok=1
Cmd: compileComputeKernel
  api=15 insize=57129 outsize=1946 ok=1
Cmd: compileComputeKernel
  api=15 insize=57129 outsize=1948 ok=1
Cmd: compileComputeKernel
  api=15 insize=57129 outsize=2281 ok=1
Cmd: compileComputeKernel
  api=15 insize=57129 outsize=1918 ok=1
Cmd: compileComputeKernel
  api=15 insize=57129 outsize=1923 ok=1
Cmd: compileComputeKernel
  api=15 insize=57129 outsize=2360 ok=1
Cmd: compileComputeKernel
  api=15 insize=57129 outsize=1780 ok=1
Cmd: compileComputeKernel
  api=15 insize=57129 outsize=1976 ok=1
Cmd: compileComputeKernel
  api=15 insize=57129 outsize=3013 ok=1
Cmd: compileComputeKernel
  api=15 insize=57129 outsize=3311 ok=1
Cmd: compileComputeKernel
  api=15 insize=57129 outsize=3045 ok=1
Cmd: compileComputeKernel
  api=15 insize=57129 outsize=3044 ok=1
Cmd: compileComputeKernel
  api=15 insize=57129 outsize=2962 ok=1
Cmd: compileComputeKernel
  api=15 insize=57129 outsize=3063 ok=1
Cmd: compileComputeKernel
  api=15 insize=57129 outsize=3507 ok=1
Cmd: compileComputeKernel
  api=15 insize=57129 outsize=3084 ok=1
Cmd: compileComputeKernel
  api=15 insize=57129 outsize=2919 ok=1
Cmd: compileComputeKernel
  api=15 insize=57129 outsize=3036 ok=1
Cmd: compileComputeKernel
  api=18 insize=57129 outsize=3426 ok=1
Cmd: compileComputeKernel
  api=18 insize=57129 outsize=3518 ok=1
Cmd: compileComputeKernel
  api=18 insize=57129 outsize=2609 ok=1
Cmd: compileComputeKernel
  api=18 insize=57129 outsize=3488 ok=1
Cmd: compileComputeKernel
  api=18 insize=57129 outsize=2516 ok=1
Cmd: compileComputeKernel
  api=18 insize=57129 outsize=4262 ok=1
Cmd: compileComputeKernel
  api=18 insize=57129 outsize=3181 ok=1
Cmd: compileComputeKernel
  api=18 insize=57129 outsize=3490 ok=1
Cmd: compileComputeKernel
  api=18 insize=57129 outsize=5637 ok=1
Cmd: compileComputeKernel
  api=18 insize=57129 outsize=6212 ok=1
Cmd: compileComputeKernel
  api=18 insize=57129 outsize=5595 ok=1
Cmd: compileComputeKernel
  api=18 insize=57129 outsize=5820 ok=1
Cmd: compileComputeKernel
  api=18 insize=57129 outsize=5617 ok=1
Cmd: compileComputeKernel
  api=18 insize=57129 outsize=5856 ok=1
Cmd: compileComputeKernel
  api=18 insize=57129 outsize=6733 ok=1
Cmd: compileComputeKernel
  api=18 insize=57129 outsize=5874 ok=1
Cmd: compileComputeKernel
  api=18 insize=57129 outsize=5937 ok=1
Cmd: compileComputeKernel
  api=18 insize=57129 outsize=5595 ok=1
Cmd: compileComputeKernel
  api=15 insize=95078 outsize=22912 ok=1
Cmd: compileComputeKernel
  api=15 insize=95078 outsize=60140 ok=1
Cmd: compileComputeKernel
  api=18 insize=95078 outsize=93634 ok=1
Cmd: compileComputeKernel
  api=18 insize=4442 outsize=6678 ok=1

Quitting shader compiler process
